TN:
SF:app\api\ai\generate-questions\route.ts
FN:8,POST
FN:148,GET
FNF:2
FNH:1
FNDA:2,POST
FNDA:0,GET
DA:4,1
DA:5,1
DA:6,1
DA:8,1
DA:10,2
DA:15,2
DA:17,2
DA:18,1
DA:24,1
DA:27,1
DA:33,1
DA:34,0
DA:35,0
DA:41,1
DA:42,0
DA:48,1
DA:49,1
DA:52,1
DA:55,1
DA:56,1
DA:57,1
DA:60,0
DA:62,0
DA:63,0
DA:64,0
DA:65,0
DA:66,0
DA:68,0
DA:71,0
DA:75,0
DA:77,0
DA:78,0
DA:82,0
DA:83,0
DA:84,0
DA:85,0
DA:86,0
DA:89,0
DA:94,1
DA:95,0
DA:96,0
DA:112,1
DA:115,1
DA:122,1
DA:124,1
DA:133,0
DA:134,0
DA:136,0
DA:148,1
DA:149,0
LF:50
LH:24
BRDA:12,0,0,0
BRDA:12,0,1,2
BRDA:13,1,0,1
BRDA:13,1,1,1
BRDA:14,2,0,1
BRDA:14,2,1,1
BRDA:17,3,0,1
BRDA:17,3,1,1
BRDA:33,4,0,0
BRDA:33,4,1,1
BRDA:41,5,0,0
BRDA:41,5,1,1
BRDA:55,6,0,0
BRDA:55,6,1,1
BRDA:55,7,0,1
BRDA:55,7,1,1
BRDA:60,8,0,0
BRDA:60,8,1,0
BRDA:60,9,0,0
BRDA:60,9,1,0
BRDA:64,10,0,0
BRDA:64,10,1,0
BRDA:75,11,0,0
BRDA:75,11,1,0
BRDA:82,12,0,0
BRDA:82,12,1,0
BRDA:84,13,0,0
BRDA:84,13,1,0
BRDA:94,14,0,0
BRDA:94,14,1,1
BRDA:94,15,0,1
BRDA:94,15,1,1
BRDA:103,16,0,0
BRDA:103,16,1,0
BRDA:103,17,0,0
BRDA:103,17,1,0
BRDA:103,18,0,0
BRDA:103,18,1,0
BRDA:133,19,0,0
BRDA:133,19,1,0
BRF:40
BRH:15
end_of_record
TN:
SF:app\api\guardian\dashboard\route.ts
FN:49,GET
FN:79,(anonymous_16)
FN:145,(anonymous_17)
FN:151,(anonymous_18)
FN:152,(anonymous_19)
FN:157,(anonymous_20)
FN:158,(anonymous_21)
FN:197,generateNotifications
FN:212,(anonymous_25)
FN:218,(anonymous_26)
FN:219,(anonymous_27)
FN:232,(anonymous_28)
FN:233,(anonymous_29)
FN:245,(anonymous_30)
FN:249,calculateStudentTrends
FN:250,(anonymous_32)
FN:251,(anonymous_33)
FN:254,(anonymous_34)
FN:262,(anonymous_35)
FN:263,(anonymous_36)
FN:281,getStudentDetails
FN:320,calculateStudentAnalytics
FN:332,(anonymous_41)
FN:333,(anonymous_42)
FN:340,(anonymous_43)
FN:346,(anonymous_44)
FN:356,(anonymous_45)
FN:358,(anonymous_46)
FNF:28
FNH:1
FNDA:2,GET
FNDA:0,(anonymous_16)
FNDA:0,(anonymous_17)
FNDA:0,(anonymous_18)
FNDA:0,(anonymous_19)
FNDA:0,(anonymous_20)
FNDA:0,(anonymous_21)
FNDA:0,generateNotifications
FNDA:0,(anonymous_25)
FNDA:0,(anonymous_26)
FNDA:0,(anonymous_27)
FNDA:0,(anonymous_28)
FNDA:0,(anonymous_29)
FNDA:0,(anonymous_30)
FNDA:0,calculateStudentTrends
FNDA:0,(anonymous_32)
FNDA:0,(anonymous_33)
FNDA:0,(anonymous_34)
FNDA:0,(anonymous_35)
FNDA:0,(anonymous_36)
FNDA:0,getStudentDetails
FNDA:0,calculateStudentAnalytics
FNDA:0,(anonymous_41)
FNDA:0,(anonymous_42)
FNDA:0,(anonymous_43)
FNDA:0,(anonymous_44)
FNDA:0,(anonymous_45)
FNDA:0,(anonymous_46)
DA:1,1
DA:2,1
DA:3,1
DA:49,1
DA:52,2
DA:53,2
DA:55,0
DA:56,0
DA:57,0
DA:58,0
DA:60,0
DA:61,0
DA:68,0
DA:79,0
DA:81,0
DA:82,0
DA:106,0
DA:108,0
DA:109,0
DA:115,0
DA:117,0
DA:118,0
DA:125,0
DA:140,0
DA:143,0
DA:144,0
DA:145,0
DA:149,0
DA:151,0
DA:152,0
DA:155,0
DA:158,0
DA:159,0
DA:160,0
DA:169,0
DA:182,0
DA:188,0
DA:189,0
DA:198,0
DA:201,0
DA:212,0
DA:213,0
DA:214,0
DA:218,0
DA:219,0
DA:220,0
DA:232,0
DA:233,0
DA:234,0
DA:245,0
DA:250,0
DA:251,0
DA:252,0
DA:253,0
DA:254,0
DA:258,0
DA:259,0
DA:260,0
DA:261,0
DA:262,0
DA:263,0
DA:264,0
DA:266,0
DA:269,0
DA:283,0
DA:290,0
DA:291,0
DA:295,0
DA:313,0
DA:321,0
DA:322,0
DA:331,0
DA:332,0
DA:333,0
DA:334,0
DA:337,0
DA:338,0
DA:339,0
DA:340,0
DA:341,0
DA:342,0
DA:346,0
DA:347,0
DA:348,0
DA:349,0
DA:351,0
DA:352,0
DA:353,0
DA:356,0
DA:358,0
DA:362,0
LF:91
LH:6
BRDA:125,0,0,0
BRDA:53,1,0,2
BRDA:53,1,1,0
BRDA:60,2,0,0
BRDA:60,2,1,0
BRDA:79,3,0,0
BRDA:79,3,1,0
BRDA:79,4,0,0
BRDA:79,4,1,0
BRDA:79,5,0,0
BRDA:79,5,1,0
BRDA:81,6,0,0
BRDA:81,6,1,0
BRDA:106,7,0,0
BRDA:106,7,1,0
BRDA:115,8,0,0
BRDA:115,8,1,0
BRDA:140,9,0,0
BRDA:140,9,1,0
BRDA:144,10,0,0
BRDA:144,10,1,0
BRDA:145,11,0,0
BRDA:145,11,1,0
BRDA:149,12,0,0
BRDA:149,12,1,0
BRDA:158,13,0,0
BRDA:158,13,1,0
BRDA:158,14,0,0
BRDA:158,14,1,0
BRDA:159,15,0,0
BRDA:159,15,1,0
BRDA:159,16,0,0
BRDA:159,16,1,0
BRDA:159,17,0,0
BRDA:159,17,1,0
BRDA:159,18,0,0
BRDA:159,18,1,0
BRDA:159,19,0,0
BRDA:159,19,1,0
BRDA:159,20,0,0
BRDA:159,20,1,0
BRDA:159,21,0,0
BRDA:159,21,1,0
BRDA:159,22,0,0
BRDA:159,22,1,0
BRDA:159,23,0,0
BRDA:159,23,1,0
BRDA:159,24,0,0
BRDA:159,24,1,0
BRDA:159,25,0,0
BRDA:159,25,1,0
BRDA:161,26,0,0
BRDA:161,26,1,0
BRDA:164,27,0,0
BRDA:164,27,1,0
BRDA:164,28,0,0
BRDA:164,28,1,0
BRDA:164,29,0,0
BRDA:164,29,1,0
BRDA:164,30,0,0
BRDA:164,30,1,0
BRDA:164,31,0,0
BRDA:164,31,1,0
BRDA:164,32,0,0
BRDA:164,32,1,0
BRDA:213,33,0,0
BRDA:213,33,1,0
BRDA:213,34,0,0
BRDA:213,34,1,0
BRDA:213,35,0,0
BRDA:213,35,1,0
BRDA:218,36,0,0
BRDA:218,36,1,0
BRDA:218,37,0,0
BRDA:218,37,1,0
BRDA:218,38,0,0
BRDA:218,38,1,0
BRDA:224,39,0,0
BRDA:224,39,1,0
BRDA:224,40,0,0
BRDA:224,40,1,0
BRDA:224,41,0,0
BRDA:224,41,1,0
BRDA:232,42,0,0
BRDA:232,42,1,0
BRDA:232,43,0,0
BRDA:232,43,1,0
BRDA:232,44,0,0
BRDA:232,44,1,0
BRDA:238,45,0,0
BRDA:238,45,1,0
BRDA:238,46,0,0
BRDA:238,46,1,0
BRDA:238,47,0,0
BRDA:238,47,1,0
BRDA:253,48,0,0
BRDA:253,48,1,0
BRDA:254,49,0,0
BRDA:254,49,1,0
BRDA:259,50,0,0
BRDA:259,50,1,0
BRDA:262,51,0,0
BRDA:262,51,1,0
BRDA:263,52,0,0
BRDA:263,52,1,0
BRDA:266,53,0,0
BRDA:266,53,1,0
BRDA:266,54,0,0
BRDA:266,54,1,0
BRDA:271,55,0,0
BRDA:271,55,1,0
BRDA:271,56,0,0
BRDA:271,56,1,0
BRDA:271,57,0,0
BRDA:271,57,1,0
BRDA:272,58,0,0
BRDA:272,58,1,0
BRDA:272,59,0,0
BRDA:272,59,1,0
BRDA:272,60,0,0
BRDA:272,60,1,0
BRDA:283,61,0,0
BRDA:290,62,0,0
BRDA:290,62,1,0
BRDA:315,63,0,0
BRDA:315,63,1,0
BRDA:316,64,0,0
BRDA:316,64,1,0
BRDA:321,65,0,0
BRDA:321,65,1,0
BRDA:332,66,0,0
BRDA:332,66,1,0
BRDA:338,67,0,0
BRDA:338,67,1,0
BRDA:342,68,0,0
BRDA:342,68,1,0
BRDA:342,69,0,0
BRDA:342,69,1,0
BRDA:347,70,0,0
BRDA:347,70,1,0
BRDA:347,71,0,0
BRDA:347,71,1,0
BRDA:347,72,0,0
BRDA:347,72,1,0
BRDA:348,73,0,0
BRDA:348,73,1,0
BRDA:351,74,0,0
BRDA:351,74,1,0
BRF:148
BRH:1
end_of_record
TN:
SF:app\api\health\route.ts
FN:3,GET
FNF:1
FNH:1
FNDA:1,GET
DA:1,1
DA:3,1
DA:4,1
LF:3
LH:3
BRF:0
BRH:0
end_of_record
TN:
SF:app\api\marking-scheme\route.ts
FN:4,GET
FNF:1
FNH:1
FNDA:1,GET
DA:1,1
DA:2,1
DA:4,1
DA:6,1
DA:7,1
DA:8,1
DA:9,1
DA:11,0
DA:16,0
DA:17,0
DA:19,0
DA:21,0
LF:12
LH:7
BRDA:8,0,0,1
BRDA:8,0,1,0
BRDA:16,1,0,0
BRDA:16,1,1,0
BRDA:16,2,0,0
BRDA:16,2,1,0
BRF:6
BRH:1
end_of_record
TN:
SF:app\api\resources\upload\route.ts
FN:6,POST
FN:157,GET
FNF:2
FNH:1
FNDA:2,POST
FNDA:0,GET
DA:1,1
DA:2,1
DA:3,1
DA:4,1
DA:6,1
DA:8,2
DA:11,2
DA:12,2
DA:13,2
DA:15,2
DA:16,1
DA:22,1
DA:37,1
DA:38,1
DA:39,1
DA:45,0
DA:52,0
DA:53,0
DA:54,0
DA:55,0
DA:57,0
DA:58,0
DA:62,0
DA:69,0
DA:70,0
DA:76,0
DA:77,0
DA:78,0
DA:84,0
DA:87,0
DA:89,0
DA:90,0
DA:94,0
DA:95,0
DA:98,0
DA:101,0
DA:107,0
DA:108,0
DA:109,0
DA:115,0
DA:120,0
DA:135,0
DA:136,0
DA:137,0
DA:142,0
DA:148,0
DA:149,0
DA:157,1
DA:158,0
LF:49
LH:16
BRDA:52,0,0,0
BRDA:8,1,0,2
BRDA:8,1,1,0
BRDA:11,2,0,0
BRDA:11,2,1,2
BRDA:15,3,0,1
BRDA:15,3,1,1
BRDA:15,4,0,2
BRDA:15,4,1,2
BRDA:15,4,2,1
BRDA:15,4,3,1
BRDA:27,5,0,1
BRDA:27,5,1,0
BRDA:37,6,0,1
BRDA:37,6,1,0
BRDA:54,7,0,0
BRDA:54,7,1,0
BRDA:55,8,0,0
BRDA:55,8,1,0
BRDA:57,9,0,0
BRDA:57,9,1,0
BRDA:69,10,0,0
BRDA:69,10,1,0
BRDA:77,11,0,0
BRDA:77,11,1,0
BRDA:89,12,0,0
BRDA:89,12,1,0
BRDA:89,13,0,0
BRDA:89,13,1,0
BRDA:107,14,0,0
BRDA:107,14,1,0
BRDA:135,15,0,0
BRDA:135,15,1,0
BRDA:151,16,0,0
BRDA:151,16,1,0
BRF:35
BRH:10
end_of_record
TN:
SF:lib\auth\middleware.ts
FN:10,authMiddleware
FN:57,requireRole
FN:58,(anonymous_17)
FN:73,getCurrentUser
FNF:4
FNH:2
FNDA:0,authMiddleware
FNDA:2,requireRole
FNDA:2,(anonymous_17)
FNDA:0,getCurrentUser
DA:1,1
DA:2,1
DA:10,1
DA:13,0
DA:14,0
DA:16,0
DA:17,0
DA:24,0
DA:30,0
DA:31,0
DA:38,0
DA:39,0
DA:40,0
DA:41,0
DA:43,0
DA:49,0
DA:50,0
DA:57,1
DA:58,2
DA:59,2
DA:61,2
DA:62,2
DA:68,0
DA:73,1
DA:74,0
LF:25
LH:9
BRDA:16,0,0,0
BRDA:16,0,1,0
BRDA:30,1,0,0
BRDA:30,1,1,0
BRDA:30,2,0,0
BRDA:30,2,1,0
BRDA:61,3,0,2
BRDA:61,3,1,0
BRDA:61,4,0,2
BRDA:61,4,1,0
BRF:10
BRH:2
end_of_record
TN:
SF:lib\db\supabase.ts
FNF:0
FNH:0
DA:1,2
DA:3,2
DA:4,2
DA:7,2
DA:15,2
LF:5
LH:5
BRF:0
BRH:0
end_of_record
